  ▲ Next.js 14.2.28
  - Local:        http://localhost:3000
  - Environments: .env
  - Experiments (use with caution):
    · outputFileTracingRoot

 ✓ Starting...
Attention: Next.js now collects completely anonymous telemetry regarding usage.
This information is used to shape Next.js' roadmap and prioritize features.
You can learn more, including how to opt-out if you'd not like to participate in this anonymous program, by visiting the following URL:
https://nextjs.org/telemetry

 ✓ Ready in 1327ms
 ○ Compiling / ...
 ✓ Compiled / in 4.5s (1354 modules)
 GET / 200 in 5102ms
 ✓ Compiled in 572ms (676 modules)
 ○ Compiling /api/auth/[...nextauth] ...
 ✓ Compiled /api/auth/[...nextauth] in 3s (913 modules)
 GET /api/auth/session 200 in 3578ms
 GET /api/auth/session 200 in 33ms
 GET / 200 in 200ms
 ○ Compiling /dashboard ...
 ✓ Compiled /dashboard in 1512ms (1643 modules)
 GET /api/auth/session 200 in 1259ms
 GET /platforms 404 in 1882ms
 GET /analytics 404 in 1878ms
 GET /contact 404 in 1890ms
 GET /help 404 in 1861ms
 GET /about 404 in 1878ms
 GET /templates 404 in 1869ms
 GET /privacy 404 in 1855ms
 GET /terms 404 in 1855ms
 GET /auth/login 200 in 2091ms
 GET /auth/signup 200 in 1999ms
 GET /auth/signup?plan=pro 200 in 1992ms
 GET /dashboard 307 in 2064ms
 GET /api/auth/session 200 in 223ms
 GET /auth/login 200 in 236ms
 GET /api/auth/session 200 in 62ms
 GET /api/auth/session 200 in 56ms
 GET /api/auth/session 200 in 56ms
 GET /api/auth/session 200 in 82ms
 GET /api/auth/session 200 in 53ms
 GET /api/auth/session 200 in 104ms
 GET /api/auth/session 200 in 96ms
 GET /api/auth/session 200 in 92ms
 GET /api/auth/session 200 in 89ms
 GET /api/auth/session 200 in 88ms
 GET /api/auth/session 200 in 83ms
 GET /api/auth/session 200 in 83ms
 GET /api/auth/session 200 in 80ms
 GET /api/auth/session 200 in 68ms
 GET /api/auth/session 200 in 72ms
 GET /api/auth/session 200 in 54ms
 GET /api/auth/session 200 in 54ms
 GET /api/auth/session 200 in 52ms
 GET /api/auth/session 200 in 39ms
 GET /api/auth/session 200 in 38ms
 GET /api/auth/session 200 in 38ms
 GET /api/auth/session 200 in 38ms
 GET /api/auth/session 200 in 35ms
 GET /api/auth/session 200 in 34ms
 GET /auth/forgot-password 404 in 17ms
 GET /api/auth/session 200 in 35ms
 GET /api/auth/session 200 in 16ms
 GET /terms 404 in 61ms
 GET /about 404 in 60ms
 GET /analytics 404 in 69ms
 GET /templates 404 in 69ms
 GET /contact 404 in 71ms
 GET /platforms 404 in 70ms
 GET /auth/forgot-password 404 in 73ms
 GET / 200 in 114ms
 GET /auth/signup 200 in 132ms
 GET /dashboard 307 in 139ms
 GET /privacy 404 in 45ms
 GET /help 404 in 44ms
 GET /auth/login 200 in 61ms
 GET /auth/signup?plan=pro 200 in 67ms
 GET /auth/login 200 in 42ms
 ✓ Compiled in 1090ms (1372 modules)
[?25h
