➤ YN0000: · Yarn 4.9.2
➤ YN0000: ┌ Resolution step
➤ YN0000: └ Completed
➤ YN0000: ┌ Post-resolution validation
➤ YN0060: │ @typescript-eslint/parser is listed by your project with version 7.0.0 (p6cb6c), which doesn't satisfy what @typescript-eslint/eslint-plugin requests (^6.0.0-alpha).
➤ YN0060: │ eslint is listed by your project with version 9.24.0 (pe6e00), which doesn't satisfy what @typescript-eslint/eslint-plugin and other dependencies request (^8.57.0).
➤ YN0002: │ app@workspace:. doesn't provide prettier (pd88b5), requested by eslint-plugin-prettier.
➤ YN0086: │ Some peer dependencies are incorrectly met by your project; run yarn explain peer-requirements <hash> for details, where <hash> is the six-letter p-prefixed code.
➤ YN0086: │ Some peer dependencies are incorrectly met by dependencies; run yarn explain peer-requirements for details.
➤ YN0000: └ Completed
➤ YN0000: ┌ Fetch step
➤ YN0000: └ Completed in 1s 249ms
➤ YN0000: ┌ Link step
➤ YN0000: └ Completed in 0s 536ms
➤ YN0000: · Done with warnings in 2s 20ms
Environment variables loaded from .env
Prisma schema loaded from prisma/schema.prisma

✔ Generated Prisma Client (v6.7.0) to ./node_modules/.prisma/client in 143ms

Start by importing your Prisma Client (See: https://pris.ly/d/importing-client)

Tip: Need your database queries to be 1000x faster? Accelerate offers you that and more: https://pris.ly/tip-2-accelerate

  ▲ Next.js 14.2.28
  - Local:        http://localhost:3000
  - Environments: .env
  - Experiments (use with caution):
    · outputFileTracingRoot

 ✓ Starting...
 ✓ Ready in 1390ms
 ○ Compiling / ...
 ✓ Compiled / in 2.5s (1347 modules)
 GET / 200 in 3034ms
 ✓ Compiled in 537ms (676 modules)
 GET / 200 in 82ms
 GET / 200 in 49ms
 ✓ Compiled /api/auth/[...nextauth] in 472ms (913 modules)
 GET /api/auth/session 200 in 964ms
 GET /api/auth/session 200 in 24ms
 ○ Compiling /auth/signup ...
 ✓ Compiled /auth/signup in 767ms (1357 modules)
 ✓ Compiled in 509ms (686 modules)
 ✓ Compiled in 388ms (686 modules)
 ✓ Compiled in 424ms (686 modules)
 ✓ Compiled in 360ms (686 modules)
 ✓ Compiled in 333ms (686 modules)
 ✓ Compiled in 436ms (686 modules)
 ✓ Compiled in 493ms (686 modules)
 ✓ Compiled in 372ms (686 modules)
 ✓ Compiled in 338ms (686 modules)
 ✓ Compiled in 281ms (686 modules)
 ✓ Compiled in 312ms (686 modules)
 ✓ Compiled in 256ms (686 modules)
 ✓ Compiled in 378ms (686 modules)
 ✓ Compiled in 316ms (686 modules)
 ✓ Compiled in 263ms (686 modules)
 ✓ Compiled in 510ms (686 modules)
 ✓ Compiled in 352ms (686 modules)
[?25h
