➤ YN0000: · Yarn 4.9.2
➤ YN0000: ┌ Resolution step
➤ YN0085: │ + @stripe/stripe-js@npm:7.4.0, stripe@npm:18.2.1, qs@npm:6.14.0
➤ YN0085: │ - app@workspace:.
➤ YN0000: └ Completed in 0s 306ms
➤ YN0000: ┌ Post-resolution validation
➤ YN0060: │ @typescript-eslint/parser is listed by your project with version 7.0.0 (pf5ec2), which doesn't satisfy what @typescript-eslint/eslint-plugin requests (^6.0.0-alpha).
➤ YN0060: │ eslint is listed by your project with version 9.24.0 (p083d9), which doesn't satisfy what @typescript-eslint/eslint-plugin and other dependencies request (^8.57.0).
➤ YN0002: │ social-media-coach-app@workspace:. doesn't provide prettier (pec35a), requested by eslint-plugin-prettier.
➤ YN0086: │ Some peer dependencies are incorrectly met by your project; run yarn explain peer-requirements <hash> for details, where <hash> is the six-letter p-prefixed code.
➤ YN0086: │ Some peer dependencies are incorrectly met by dependencies; run yarn explain peer-requirements for details.
➤ YN0000: └ Completed
➤ YN0000: ┌ Fetch step
➤ YN0013: │ 1134 packages were added to the project (+ 792.37 MiB).
➤ YN0000: └ Completed in 15s 187ms
➤ YN0000: ┌ Link step
➤ YN0007: │ bcrypt@npm:5.1.1 must be built because it never has been before or the last one failed
➤ YN0007: │ @prisma/engines@npm:6.7.0 must be built because it never has been before or the last one failed
➤ YN0007: │ unrs-resolver@npm:1.9.0 must be built because it never has been before or the last one failed
➤ YN0007: │ esbuild@npm:0.25.5 must be built because it never has been before or the last one failed
➤ YN0007: │ es5-ext@npm:0.10.64 must be built because it never has been before or the last one failed
➤ YN0007: │ prisma@npm:6.7.0 [fe774] must be built because it never has been before or the last one failed
➤ YN0007: │ @prisma/client@npm:6.7.0 [fe774] must be built because it never has been before or the last one failed
➤ YN0007: │ social-media-coach-app@workspace:. must be built because it never has been before or the last one failed
➤ YN0000: └ Completed in 1m 47s
➤ YN0000: · Done with warnings in 2m 2s
Environment variables loaded from .env
Prisma schema loaded from prisma/schema.prisma

✔ Generated Prisma Client (v6.7.0) to ./node_modules/.prisma/client in 497ms

Start by importing your Prisma Client (See: https://pris.ly/d/importing-client)

Tip: Easily identify and fix slow SQL queries in your app. Optimize helps you enhance your visibility: https://pris.ly/--optimize

  ▲ Next.js 14.2.28
  - Local:        http://localhost:3000
  - Environments: .env
  - Experiments (use with caution):
    · outputFileTracingRoot

 ✓ Starting...
 ✓ Ready in 3.2s
 ○ Compiling / ...
 ✓ Compiled / in 7.3s (1368 modules)
 GET / 500 in 7869ms
 GET / 500 in 8008ms
 ✓ Compiled in 637ms (683 modules)
 GET / 500 in 56ms
 GET / 500 in 50ms
 GET / 500 in 47ms
 GET / 500 in 52ms
 GET / 500 in 50ms
 GET / 500 in 48ms
 GET / 500 in 54ms
 GET / 500 in 49ms
 GET / 500 in 55ms
 GET / 500 in 49ms
