➤ YN0000: · Yarn 4.9.2
➤ YN0000: ┌ Resolution step
➤ YN0085: │ + @stripe/stripe-js@npm:7.4.0, stripe@npm:18.2.1, qs@npm:6.14.0
➤ YN0085: │ - app@workspace:.
➤ YN0000: └ Completed in 0s 361ms
➤ YN0000: ┌ Post-resolution validation
➤ YN0060: │ @typescript-eslint/parser is listed by your project with version 7.0.0 (pf5ec2), which doesn't satisfy what @typescript-eslint/eslint-plugin requests (^6.0.0-alpha).
➤ YN0060: │ eslint is listed by your project with version 9.24.0 (p083d9), which doesn't satisfy what @typescript-eslint/eslint-plugin and other dependencies request (^8.57.0).
➤ YN0002: │ social-media-coach-app@workspace:. doesn't provide prettier (pec35a), requested by eslint-plugin-prettier.
➤ YN0086: │ Some peer dependencies are incorrectly met by your project; run yarn explain peer-requirements <hash> for details, where <hash> is the six-letter p-prefixed code.
➤ YN0086: │ Some peer dependencies are incorrectly met by dependencies; run yarn explain peer-requirements for details.
➤ YN0000: └ Completed
➤ YN0000: ┌ Fetch step
➤ YN0000: └ Completed in 2s 695ms
➤ YN0000: ┌ Link step
➤ YN0000: └ Completed in 0s 995ms
➤ YN0000: · Done with warnings in 4s 217ms
Environment variables loaded from .env
Prisma schema loaded from prisma/schema.prisma

✔ Generated Prisma Client (v6.7.0) to ./node_modules/.prisma/client in 546ms

Start by importing your Prisma Client (See: https://pris.ly/d/importing-client)

Tip: Want to turn off tips and other hints? https://pris.ly/tip-4-nohints

  ▲ Next.js 14.2.28
  - Local:        http://localhost:3000
  - Environments: .env
  - Experiments (use with caution):
    · outputFileTracingRoot

 ✓ Starting...
 ✓ Ready in 3.6s
 ○ Compiling / ...
 ✓ Compiled / in 7.1s (1368 modules)
 GET / 500 in 7711ms
 GET / 500 in 7779ms
 ✓ Compiled in 633ms (683 modules)
 GET / 500 in 53ms
 GET / 500 in 58ms
 GET / 500 in 49ms
 GET / 500 in 47ms
 GET / 500 in 44ms
 GET / 500 in 41ms
 GET / 500 in 47ms
 GET / 500 in 43ms
 GET / 500 in 50ms
 GET / 500 in 44ms
