  ▲ Next.js 14.2.28
  - Local:        http://localhost:3000
  - Environments: .env
  - Experiments (use with caution):
    · outputFileTracingRoot

 ✓ Starting...
 ✓ Ready in 1861ms
 ○ Compiling / ...
 ✓ Compiled / in 2.6s (1347 modules)
 GET / 200 in 3215ms
 GET / 200 in 3246ms
 ✓ Compiled in 667ms (676 modules)
 GET / 200 in 49ms
 ○ Compiling /api/auth/[...nextauth] ...
 ✓ Compiled /api/auth/[...nextauth] in 1043ms (913 modules)
 GET /api/auth/session 200 in 1566ms
 GET /api/auth/session 200 in 37ms
 GET / 200 in 137ms
 GET / 200 in 58ms
 GET / 200 in 43ms
 GET / 200 in 45ms
 GET /api/auth/session 200 in 44ms
 GET /api/auth/session 200 in 27ms
 GET / 200 in 91ms
 GET / 200 in 54ms
 GET / 200 in 40ms
 GET /api/auth/session 200 in 40ms
 GET /api/auth/session 200 in 22ms
 GET / 200 in 55ms
 GET / 200 in 58ms
 GET / 200 in 43ms
 GET /api/auth/session 200 in 39ms
 GET /api/auth/session 200 in 37ms
