  ▲ Next.js 14.2.28
  - Local:        http://localhost:3000
  - Environments: .env
  - Experiments (use with caution):
    · outputFileTracingRoot

 ✓ Starting...
 ✓ Ready in 1684ms
 ○ Compiling / ...
 ✓ Compiled / in 2.6s (1347 modules)
 GET / 200 in 3219ms
 ✓ Compiled in 612ms (676 modules)
 ○ Compiling /api/auth/[...nextauth] ...
 ✓ Compiled /api/auth/[...nextauth] in 539ms (913 modules)
 GET /api/auth/session 200 in 1076ms
 GET /api/auth/session 200 in 61ms
 ○ Compiling /terms ...
 ✓ Compiled /terms in 1622ms (1706 modules)
 GET / 200 in 2077ms
 GET /auth/login 200 in 2117ms
 GET /auth/signup 200 in 2099ms
 GET /auth/signup?plan=pro 200 in 2098ms
 GET /platforms 307 in 2044ms
 GET /analytics 307 in 2053ms
 GET /templates 307 in 2051ms
 GET /terms 200 in 2054ms
 GET /dashboard 307 in 2076ms
 GET /about 200 in 2073ms
 GET /privacy 200 in 2070ms
 GET /contact 200 in 2111ms
 GET /help 200 in 2083ms
 ○ Compiling /dashboard/content ...
 ✓ Compiled /dashboard/content in 4.1s (2920 modules)
 GET /api/auth/session 200 in 3665ms
 GET /api/auth/session 200 in 3665ms
 GET /api/auth/session 200 in 3665ms
 GET /api/auth/session 200 in 3664ms
 GET /api/auth/session 200 in 3664ms
 GET /api/auth/session 200 in 3648ms
 GET /api/auth/session 200 in 3599ms
 GET /api/auth/session 200 in 3482ms
 GET /api/auth/session 200 in 3693ms
 GET /auth/login 200 in 4472ms
 GET /dashboard 307 in 4501ms
 GET /dashboard/content 307 in 4515ms
 GET /dashboard/analytics 307 in 4520ms
 GET /api/auth/session 200 in 88ms
 GET /api/auth/session 200 in 88ms
 GET /api/auth/session 200 in 88ms
 GET /api/auth/session 200 in 88ms
 GET /api/auth/session 200 in 88ms
 GET /api/auth/session 200 in 87ms
 GET /api/auth/session 200 in 87ms
 GET /api/auth/session 200 in 87ms
 GET /api/auth/session 200 in 86ms
 GET /auth/login 200 in 166ms
 GET /auth/login 200 in 153ms
 GET /auth/login 200 in 156ms
 GET /api/auth/session 200 in 548ms
 GET /api/auth/session 200 in 547ms
 GET /api/auth/session 200 in 547ms
 GET /api/auth/session 200 in 547ms
 GET /api/auth/session 200 in 42ms
 GET /api/auth/session 200 in 41ms
 GET /api/auth/session 200 in 41ms
 GET /api/auth/session 200 in 41ms
 ○ Compiling /auth/forgot-password ...
 ✓ Compiled /auth/forgot-password in 827ms (2930 modules)
 GET /auth/forgot-password 200 in 930ms
 GET /api/auth/session 200 in 65ms
 GET /api/auth/session 200 in 16ms
 GET /privacy 200 in 189ms
 GET /help 200 in 191ms
 GET /auth/login 200 in 191ms
 GET /terms 200 in 201ms
 GET /auth/signup?plan=pro 200 in 202ms
 GET /auth/signup 200 in 202ms
 GET /templates 307 in 208ms
 GET /analytics 307 in 211ms
 GET /platforms 307 in 219ms
 GET /dashboard 307 in 223ms
 GET /contact 200 in 168ms
 GET / 200 in 171ms
 GET /about 200 in 169ms
 GET /auth/forgot-password 200 in 176ms
 GET /dashboard/content 307 in 187ms
 GET /dashboard/analytics 307 in 190ms
 GET /auth/login 200 in 184ms
 GET /dashboard 307 in 190ms
 GET /auth/login 200 in 39ms
 GET /auth/login 200 in 38ms
 GET /auth/login 200 in 49ms
 GET / 200 in 54ms
 GET /api/auth/session 200 in 36ms
 GET /api/auth/session 200 in 20ms
 GET / 200 in 45ms
 GET /auth/signup 200 in 43ms
 GET /api/auth/session 200 in 44ms
 GET /api/auth/session 200 in 18ms
 ○ Compiling /api/auth/signup ...
 ✓ Compiled /api/auth/signup in 590ms (1650 modules)
 POST /api/auth/signup 201 in 1144ms
[?25h
