  ▲ Next.js 14.2.28
  - Local:        http://localhost:3000
  - Environments: .env
  - Experiments (use with caution):
    · outputFileTracingRoot

 ✓ Starting...
 ✓ Ready in 2.5s
 ○ Compiling / ...
 ✓ Compiled / in 2.8s (1347 modules)
 GET / 200 in 3023ms
 GET / 200 in 3448ms
 ✓ Compiled in 593ms (676 modules)
 GET / 200 in 55ms
 ✓ Compiled /api/auth/[...nextauth] in 497ms (913 modules)
 GET /api/auth/session 200 in 963ms
 GET /api/auth/session 200 in 30ms
 GET /api/auth/session 200 in 31ms
 GET /api/auth/session 200 in 19ms
 GET /api/auth/session 200 in 26ms
 GET /api/auth/session 200 in 19ms
